# JRE version: Java(TM) SE Runtime Environment (8.0_401) (build 1.8.0_401-b10)
# Java VM: Java HotSpot(TM) 64-Bit Server VM (25.401-b10 mixed mode windows-amd64 compressed oops)
Heap:
 PSYoungGen      total 390144K, used 94340K [0x00000000d5580000, 0x00000000f0f00000, 0x0000000100000000)
  eden space 369664K, 19% used [0x00000000d5580000,0x00000000d9da3b98,0x00000000ebe80000)
  from space 20480K, 99% used [0x00000000ebe80000,0x00000000ed27d7e0,0x00000000ed280000)
  to   space 20992K, 0% used [0x00000000ed280000,0x00000000ed280000,0x00000000ee700000)
 ParOldGen       total 214016K, used 76585K [0x0000000080000000, 0x000000008d100000, 0x00000000d5580000)
  object space 214016K, 35% used [0x0000000080000000,0x0000000084aca7d0,0x000000008d100000)
 Metaspace       used 106194K, capacity 112794K, committed 112896K, reserved 1146880K
  class space    used 14130K, capacity 15276K, committed 15360K, reserved 1048576K
GC Heap History (10 events):
Event: 6.665 GC heap before
{Heap before GC invocations=15 (full 3):
 PSYoungGen      total 390656K, used 8846K [0x00000000d5580000, 0x00000000f0f00000, 0x0000000100000000)
  eden space 369664K, 0% used [0x00000000d5580000,0x00000000d5580000,0x00000000ebe80000)
  from space 20992K, 42% used [0x00000000ed280000,0x00000000edb23a70,0x00000000ee700000)
  to   space 20480K, 0% used [0x00000000ebe80000,0x00000000ebe80000,0x00000000ed280000)
 ParOldGen       total 136704K, used 43539K [0x0000000080000000, 0x0000000088580000, 0x00000000d5580000)
  object space 136704K, 31% used [0x0000000080000000,0x0000000082a84fb0,0x0000000088580000)
 Metaspace       used 56311K, capacity 59018K, committed 59096K, reserved 1099776K
  class space    used 8235K, capacity 8774K, committed 8832K, reserved 1048576K
Event: 6.857 GC heap after
Heap after GC invocations=15 (full 3):
 PSYoungGen      total 390656K, used 0K [0x00000000d5580000, 0x00000000f0f00000, 0x0000000100000000)
  eden space 369664K, 0% used [0x00000000d5580000,0x00000000d5580000,0x00000000ebe80000)
  from space 20992K, 0% used [0x00000000ed280000,0x00000000ed280000,0x00000000ee700000)
  to   space 20480K, 0% used [0x00000000ebe80000,0x00000000ebe80000,0x00000000ed280000)
 ParOldGen       total 214016K, used 39746K [0x0000000080000000, 0x000000008d100000, 0x00000000d5580000)
  object space 214016K, 18% used [0x0000000080000000,0x00000000826d0b98,0x000000008d100000)
 Metaspace       used 56311K, capacity 59018K, committed 59096K, reserved 1099776K
  class space    used 8235K, capacity 8774K, committed 8832K, reserved 1048576K
}
Event: 8.980 GC heap before
{Heap before GC invocations=16 (full 3):
 PSYoungGen      total 390656K, used 369664K [0x00000000d5580000, 0x00000000f0f00000, 0x0000000100000000)
  eden space 369664K, 100% used [0x00000000d5580000,0x00000000ebe80000,0x00000000ebe80000)
  from space 20992K, 0% used [0x00000000ed280000,0x00000000ed280000,0x00000000ee700000)
  to   space 20480K, 0% used [0x00000000ebe80000,0x00000000ebe80000,0x00000000ed280000)
 ParOldGen       total 214016K, used 39746K [0x0000000080000000, 0x000000008d100000, 0x00000000d5580000)
  object space 214016K, 18% used [0x0000000080000000,0x00000000826d0b98,0x000000008d100000)
 Metaspace       used 74932K, capacity 79054K, committed 79232K, reserved 1118208K
  class space    used 10326K, capacity 11076K, committed 11136K, reserved 1048576K
Event: 10.998 GC heap after
Heap after GC invocations=16 (full 3):
 PSYoungGen      total 390144K, used 20450K [0x00000000d5580000, 0x00000000f0f00000, 0x0000000100000000)
  eden space 369664K, 0% used [0x00000000d5580000,0x00000000d5580000,0x00000000ebe80000)
  from space 20480K, 99% used [0x00000000ebe80000,0x00000000ed278838,0x00000000ed280000)
  to   space 20992K, 0% used [0x00000000ed280000,0x00000000ed280000,0x00000000ee700000)
 ParOldGen       total 214016K, used 51033K [0x0000000080000000, 0x000000008d100000, 0x00000000d5580000)
  object space 214016K, 23% used [0x0000000080000000,0x00000000831d65c0,0x000000008d100000)
 Metaspace       used 74932K, capacity 79054K, committed 79232K, reserved 1118208K
  class space    used 10326K, capacity 11076K, committed 11136K, reserved 1048576K
}
Event: 12.620 GC heap before
{Heap before GC invocations=17 (full 3):
 PSYoungGen      total 390144K, used 329318K [0x00000000d5580000, 0x00000000f0f00000, 0x0000000100000000)
  eden space 369664K, 83% used [0x00000000d5580000,0x00000000e8321260,0x00000000ebe80000)
  from space 20480K, 99% used [0x00000000ebe80000,0x00000000ed278838,0x00000000ed280000)
  to   space 20992K, 0% used [0x00000000ed280000,0x00000000ed280000,0x00000000ee700000)
 ParOldGen       total 214016K, used 51033K [0x0000000080000000, 0x000000008d100000, 0x00000000d5580000)
  object space 214016K, 23% used [0x0000000080000000,0x00000000831d65c0,0x000000008d100000)
 Metaspace       used 93204K, capacity 98438K, committed 98496K, reserved 1134592K
  class space    used 12232K, capacity 13140K, committed 13184K, reserved 1048576K
Event: 14.657 GC heap after
Heap after GC invocations=17 (full 3):
 PSYoungGen      total 390656K, used 20985K [0x00000000d5580000, 0x00000000f0f00000, 0x0000000100000000)
  eden space 369664K, 0% used [0x00000000d5580000,0x00000000d5580000,0x00000000ebe80000)
  from space 20992K, 99% used [0x00000000ed280000,0x00000000ee6fe490,0x00000000ee700000)
  to   space 20480K, 0% used [0x00000000ebe80000,0x00000000ebe80000,0x00000000ed280000)
 ParOldGen       total 214016K, used 68154K [0x0000000080000000, 0x000000008d100000, 0x00000000d5580000)
  object space 214016K, 31% used [0x0000000080000000,0x000000008428e968,0x000000008d100000)
 Metaspace       used 93204K, capacity 98438K, committed 98496K, reserved 1134592K
  class space    used 12232K, capacity 13140K, committed 13184K, reserved 1048576K
}
Event: 14.657 GC heap before
{Heap before GC invocations=18 (full 4):
 PSYoungGen      total 390656K, used 20985K [0x00000000d5580000, 0x00000000f0f00000, 0x0000000100000000)
  eden space 369664K, 0% used [0x00000000d5580000,0x00000000d5580000,0x00000000ebe80000)
  from space 20992K, 99% used [0x00000000ed280000,0x00000000ee6fe490,0x00000000ee700000)
  to   space 20480K, 0% used [0x00000000ebe80000,0x00000000ebe80000,0x00000000ed280000)
 ParOldGen       total 214016K, used 68154K [0x0000000080000000, 0x000000008d100000, 0x00000000d5580000)
  object space 214016K, 31% used [0x0000000080000000,0x000000008428e968,0x000000008d100000)
 Metaspace       used 93204K, capacity 98438K, committed 98496K, reserved 1134592K
  class space    used 12232K, capacity 13140K, committed 13184K, reserved 1048576K
Event: 18.761 GC heap after
Heap after GC invocations=18 (full 4):
 PSYoungGen      total 390656K, used 0K [0x00000000d5580000, 0x00000000f0f00000, 0x0000000100000000)
  eden space 369664K, 0% used [0x00000000d5580000,0x00000000d5580000,0x00000000ebe80000)
  from space 20992K, 0% used [0x00000000ed280000,0x00000000ed280000,0x00000000ee700000)
  to   space 20480K, 0% used [0x00000000ebe80000,0x00000000ebe80000,0x00000000ed280000)
 ParOldGen       total 214016K, used 75330K [0x0000000080000000, 0x000000008d100000, 0x00000000d5580000)
  object space 214016K, 35% used [0x0000000080000000,0x0000000084990b00,0x000000008d100000)
 Metaspace       used 93204K, capacity 98438K, committed 98496K, reserved 1134592K
  class space    used 12232K, capacity 13140K, committed 13184K, reserved 1048576K
}
Event: 21.215 GC heap before
{Heap before GC invocations=19 (full 4):
 PSYoungGen      total 390656K, used 369664K [0x00000000d5580000, 0x00000000f0f00000, 0x0000000100000000)
  eden space 369664K, 100% used [0x00000000d5580000,0x00000000ebe80000,0x00000000ebe80000)
  from space 20992K, 0% used [0x00000000ed280000,0x00000000ed280000,0x00000000ee700000)
  to   space 20480K, 0% used [0x00000000ebe80000,0x00000000ebe80000,0x00000000ed280000)
 ParOldGen       total 214016K, used 75330K [0x0000000080000000, 0x000000008d100000, 0x00000000d5580000)
  object space 214016K, 35% used [0x0000000080000000,0x0000000084990b00,0x000000008d100000)
 Metaspace       used 105721K, capacity 112318K, committed 112640K, reserved 1146880K
  class space    used 14101K, capacity 15236K, committed 15360K, reserved 1048576K
Event: 23.233 GC heap after
Heap after GC invocations=19 (full 4):
 PSYoungGen      total 390144K, used 20469K [0x00000000d5580000, 0x00000000f0f00000, 0x0000000100000000)
  eden space 369664K, 0% used [0x00000000d5580000,0x00000000d5580000,0x00000000ebe80000)
  from space 20480K, 99% used [0x00000000ebe80000,0x00000000ed27d7e0,0x00000000ed280000)
  to   space 20992K, 0% used [0x00000000ed280000,0x00000000ed280000,0x00000000ee700000)
 ParOldGen       total 214016K, used 76585K [0x0000000080000000, 0x000000008d100000, 0x00000000d5580000)
  object space 214016K, 35% used [0x0000000080000000,0x0000000084aca7d0,0x000000008d100000)
 Metaspace       used 105721K, capacity 112318K, committed 112640K, reserved 1146880K
  class space    used 14101K, capacity 15236K, committed 15360K, reserved 1048576K
}

