# JRE version: OpenJDK Runtime Environment (21.0.6) (build 21.0.6+-13355223-b631.42)
# Java VM: OpenJDK 64-Bit Server VM (21.0.6+-13355223-b631.42, mixed mode, tiered, compressed oops, compressed class ptrs, g1 gc, windows-amd64)
GC Precious Log:
 CardTable entry size: 512
 Card Set container configuration: InlinePtr #cards 5 size 8 Array Of Cards #cards 12 size 40 Howl #buckets 4 coarsen threshold 1843 Howl Bitmap #cards 512 size 80 coarsen threshold 460 Card regions per heap region 1 cards per card region 2048
 CPUs: 8 total, 8 available
 Memory: 16106M
 Large Page Support: Disabled
 NUMA Support: Disabled
 Compressed Oops: Enabled (32-bit)
 Heap Region Size: 1M
 Heap Min Capacity: 8M
 Heap Initial Capacity: 252M
 Heap Max Capacity: 2G
 Pre-touch: Disabled
 Parallel Workers: 8
 Concurrent Workers: 2
 Concurrent Refinement Workers: 8
 Periodic GC: Disabled
Heap:
 garbage-first heap   total 498688K, used 306710K [0x0000000080000000, 0x0000000100000000)
  region size 1024K, 51 young (52224K), 18 survivors (18432K)
 Metaspace       used 201391K, committed 204352K, reserved 1245184K
  class space    used 25807K, committed 27264K, reserved 1048576K
GC Heap History (20 events):
Event: 22.971 GC heap before
{Heap before GC invocations=56 (full 0):
 garbage-first heap   total 442368K, used 441053K [0x0000000080000000, 0x0000000100000000)
  region size 1024K, 250 young (256000K), 8 survivors (8192K)
 Metaspace       used 107193K, committed 109504K, reserved 1179648K
  class space    used 14302K, committed 15424K, reserved 1048576K
}
Event: 23.005 GC heap after
{Heap after GC invocations=57 (full 0):
 garbage-first heap   total 489472K, used 197516K [0x0000000080000000, 0x0000000100000000)
  region size 1024K, 33 young (33792K), 33 survivors (33792K)
 Metaspace       used 107193K, committed 109504K, reserved 1179648K
  class space    used 14302K, committed 15424K, reserved 1048576K
}
Event: 25.306 GC heap before
{Heap before GC invocations=57 (full 0):
 garbage-first heap   total 489472K, used 429964K [0x0000000080000000, 0x0000000100000000)
  region size 1024K, 260 young (266240K), 33 survivors (33792K)
 Metaspace       used 133900K, committed 136192K, reserved 1179648K
  class space    used 17242K, committed 18368K, reserved 1048576K
}
Event: 25.335 GC heap after
{Heap after GC invocations=58 (full 0):
 garbage-first heap   total 489472K, used 211927K [0x0000000080000000, 0x0000000100000000)
  region size 1024K, 15 young (15360K), 15 survivors (15360K)
 Metaspace       used 133900K, committed 136192K, reserved 1179648K
  class space    used 17242K, committed 18368K, reserved 1048576K
}
Event: 25.673 GC heap before
{Heap before GC invocations=58 (full 0):
 garbage-first heap   total 489472K, used 239575K [0x0000000080000000, 0x0000000100000000)
  region size 1024K, 43 young (44032K), 15 survivors (15360K)
 Metaspace       used 138010K, committed 140416K, reserved 1179648K
  class space    used 17617K, committed 18816K, reserved 1048576K
}
Event: 25.680 GC heap after
{Heap after GC invocations=59 (full 0):
 garbage-first heap   total 489472K, used 211415K [0x0000000080000000, 0x0000000100000000)
  region size 1024K, 14 young (14336K), 14 survivors (14336K)
 Metaspace       used 138010K, committed 140416K, reserved 1179648K
  class space    used 17617K, committed 18816K, reserved 1048576K
}
Event: 28.107 GC heap before
{Heap before GC invocations=60 (full 0):
 garbage-first heap   total 489472K, used 462295K [0x0000000080000000, 0x0000000100000000)
  region size 1024K, 246 young (251904K), 14 survivors (14336K)
 Metaspace       used 157286K, committed 159872K, reserved 1245184K
  class space    used 20147K, committed 21440K, reserved 1048576K
}
Event: 28.122 GC heap after
{Heap after GC invocations=61 (full 0):
 garbage-first heap   total 495616K, used 237527K [0x0000000080000000, 0x0000000100000000)
  region size 1024K, 31 young (31744K), 31 survivors (31744K)
 Metaspace       used 157286K, committed 159872K, reserved 1245184K
  class space    used 20147K, committed 21440K, reserved 1048576K
}
Event: 29.593 GC heap before
{Heap before GC invocations=61 (full 0):
 garbage-first heap   total 495616K, used 439255K [0x0000000080000000, 0x0000000100000000)
  region size 1024K, 226 young (231424K), 31 survivors (31744K)
 Metaspace       used 160609K, committed 163200K, reserved 1245184K
  class space    used 20479K, committed 21760K, reserved 1048576K
}
Event: 29.619 GC heap after
{Heap after GC invocations=62 (full 0):
 garbage-first heap   total 495616K, used 246784K [0x0000000080000000, 0x0000000100000000)
  region size 1024K, 13 young (13312K), 13 survivors (13312K)
 Metaspace       used 160609K, committed 163200K, reserved 1245184K
  class space    used 20479K, committed 21760K, reserved 1048576K
}
Event: 32.198 GC heap before
{Heap before GC invocations=62 (full 0):
 garbage-first heap   total 495616K, used 417792K [0x0000000080000000, 0x0000000100000000)
  region size 1024K, 181 young (185344K), 13 survivors (13312K)
 Metaspace       used 167945K, committed 170624K, reserved 1245184K
  class space    used 21128K, committed 22464K, reserved 1048576K
}
Event: 32.203 GC heap after
{Heap after GC invocations=63 (full 0):
 garbage-first heap   total 495616K, used 240640K [0x0000000080000000, 0x0000000100000000)
  region size 1024K, 7 young (7168K), 7 survivors (7168K)
 Metaspace       used 167945K, committed 170624K, reserved 1245184K
  class space    used 21128K, committed 22464K, reserved 1048576K
}
Event: 35.038 GC heap before
{Heap before GC invocations=64 (full 0):
 garbage-first heap   total 495616K, used 477184K [0x0000000080000000, 0x0000000100000000)
  region size 1024K, 222 young (227328K), 7 survivors (7168K)
 Metaspace       used 180897K, committed 183744K, reserved 1245184K
  class space    used 23157K, committed 24576K, reserved 1048576K
}
Event: 35.056 GC heap after
{Heap after GC invocations=65 (full 0):
 garbage-first heap   total 498688K, used 263168K [0x0000000080000000, 0x0000000100000000)
  region size 1024K, 20 young (20480K), 20 survivors (20480K)
 Metaspace       used 180897K, committed 183744K, reserved 1245184K
  class space    used 23157K, committed 24576K, reserved 1048576K
}
Event: 36.393 GC heap before
{Heap before GC invocations=65 (full 0):
 garbage-first heap   total 498688K, used 451584K [0x0000000080000000, 0x0000000100000000)
  region size 1024K, 205 young (209920K), 20 survivors (20480K)
 Metaspace       used 182337K, committed 185152K, reserved 1245184K
  class space    used 23313K, committed 24704K, reserved 1048576K
}
Event: 36.410 GC heap after
{Heap after GC invocations=66 (full 0):
 garbage-first heap   total 498688K, used 264465K [0x0000000080000000, 0x0000000100000000)
  region size 1024K, 10 young (10240K), 10 survivors (10240K)
 Metaspace       used 182337K, committed 185152K, reserved 1245184K
  class space    used 23313K, committed 24704K, reserved 1048576K
}
Event: 84.253 GC heap before
{Heap before GC invocations=66 (full 0):
 garbage-first heap   total 498688K, used 306449K [0x0000000080000000, 0x0000000100000000)
  region size 1024K, 52 young (53248K), 10 survivors (10240K)
 Metaspace       used 187337K, committed 190144K, reserved 1245184K
  class space    used 23932K, committed 25344K, reserved 1048576K
}
Event: 84.261 GC heap after
{Heap after GC invocations=67 (full 0):
 garbage-first heap   total 498688K, used 266218K [0x0000000080000000, 0x0000000100000000)
  region size 1024K, 12 young (12288K), 12 survivors (12288K)
 Metaspace       used 187337K, committed 190144K, reserved 1245184K
  class space    used 23932K, committed 25344K, reserved 1048576K
}
Event: 87.488 GC heap before
{Heap before GC invocations=68 (full 0):
 garbage-first heap   total 498688K, used 460778K [0x0000000080000000, 0x0000000100000000)
  region size 1024K, 191 young (195584K), 12 survivors (12288K)
 Metaspace       used 201390K, committed 204352K, reserved 1245184K
  class space    used 25807K, committed 27264K, reserved 1048576K
}
Event: 87.498 GC heap after
{Heap after GC invocations=69 (full 0):
 garbage-first heap   total 498688K, used 273942K [0x0000000080000000, 0x0000000100000000)
  region size 1024K, 18 young (18432K), 18 survivors (18432K)
 Metaspace       used 201390K, committed 204352K, reserved 1245184K
  class space    used 25807K, committed 27264K, reserved 1048576K
}

